c:\users\max\desktop\.net\c project\movie ticket booking\debug\vc142.pdb
c:\users\max\desktop\.net\c project\movie ticket booking\debug\vc142.idb
c:\users\max\desktop\.net\c project\movie ticket booking\debug\main.obj
c:\users\max\desktop\.net\c project\movie ticket booking\debug\heading.obj
c:\users\max\desktop\.net\c project\movie ticket booking\debug\essential.obj
c:\users\max\desktop\.net\c project\movie ticket booking\debug\login.obj
c:\users\max\desktop\.net\c project\movie ticket booking\debug\usertype.obj
c:\users\max\desktop\.net\c project\movie ticket booking\debug\admin.obj
c:\users\max\desktop\.net\c project\movie ticket booking\debug\user.obj
c:\users\max\desktop\.net\c project\movie ticket booking\debug\miscfunc.obj
c:\users\max\desktop\.net\c project\movie ticket booking\debug\movie.obj
c:\users\max\desktop\.net\c project\movie ticket booking\debug\customer.obj
c:\users\max\desktop\.net\c project\movie ticket booking\debug\hall.obj
c:\users\max\desktop\.net\c project\movie ticket booking\debug\booking.obj
c:\users\max\desktop\.net\c project\movie ticket booking\debug\seat.obj
c:\users\max\desktop\.net\c project\movie ticket booking\debug\movie ticket booking.exe
c:\users\max\desktop\.net\c project\movie ticket booking\debug\movie ticket booking.ilk
c:\users\max\desktop\.net\c project\movie ticket booking\debug\movie ticket booking.pdb
c:\users\max\desktop\.net\c project\movie ticket booking\debug\main.obj.enc
c:\users\max\desktop\.net\c project\movie ticket booking\debug\user.obj.enc
c:\users\max\desktop\.net\c project\movie ticket booking\debug\movie ti.c3069f4e.tlog\cl.command.1.tlog
c:\users\max\desktop\.net\c project\movie ticket booking\debug\movie ti.c3069f4e.tlog\cl.read.1.tlog
c:\users\max\desktop\.net\c project\movie ticket booking\debug\movie ti.c3069f4e.tlog\cl.write.1.tlog
c:\users\max\desktop\.net\c project\movie ticket booking\debug\movie ti.c3069f4e.tlog\link-cvtres.read.1.tlog
c:\users\max\desktop\.net\c project\movie ticket booking\debug\movie ti.c3069f4e.tlog\link-cvtres.write.1.tlog
c:\users\max\desktop\.net\c project\movie ticket booking\debug\movie ti.c3069f4e.tlog\link-rc.read.1.tlog
c:\users\max\desktop\.net\c project\movie ticket booking\debug\movie ti.c3069f4e.tlog\link-rc.write.1.tlog
c:\users\max\desktop\.net\c project\movie ticket booking\debug\movie ti.c3069f4e.tlog\link.10772-cvtres.read.1.tlog
c:\users\max\desktop\.net\c project\movie ticket booking\debug\movie ti.c3069f4e.tlog\link.10772-cvtres.write.1.tlog
c:\users\max\desktop\.net\c project\movie ticket booking\debug\movie ti.c3069f4e.tlog\link.10772-rc.read.1.tlog
c:\users\max\desktop\.net\c project\movie ticket booking\debug\movie ti.c3069f4e.tlog\link.10772-rc.write.1.tlog
c:\users\max\desktop\.net\c project\movie ticket booking\debug\movie ti.c3069f4e.tlog\link.10772.read.1.tlog
c:\users\max\desktop\.net\c project\movie ticket booking\debug\movie ti.c3069f4e.tlog\link.10772.write.1.tlog
c:\users\max\desktop\.net\c project\movie ticket booking\debug\movie ti.c3069f4e.tlog\link.command.1.tlog
c:\users\max\desktop\.net\c project\movie ticket booking\debug\movie ti.c3069f4e.tlog\link.read.1.tlog
c:\users\max\desktop\.net\c project\movie ticket booking\debug\movie ti.c3069f4e.tlog\link.write.1.tlog
